<?xml version="1.0" encoding="UTF-8"?>
<testsuite xmlns:xsi="http://www.w3.org/2001/XMLSchema-instance" xsi:noNamespaceSchemaLocation="https://maven.apache.org/surefire/maven-surefire-plugin/xsd/surefire-test-report-3.0.xsd" version="3.0" name="com.productofarray.SolutionTest" time="0.519" tests="12" errors="0" skipped="0" failures="0">
  <properties>
[...]
</properties>
  <testcase name="testAllNegativeNumbers" classname="com.productofarray.SolutionTest" time="0.094">
    <system-out><![CDATA[Given array with all negative numbers: [-1, -2, -3, -4]
When productExceptSelf is called
Then the result should be: [-24, -12, -8, -6]
Actual result: [-24, -12, -8, -6]
]]></system-out>
  </testcase>
  <testcase name="testBasicInput" classname="com.productofarray.SolutionTest" time="0.024">
    <system-out><![CDATA[Given input array: [1, 2, 3, 4]
When productExceptSelf is called
Then the result should be: [24, 12, 8, 6]
Actual result: [24, 12, 8, 6]
]]></system-out>
  </testcase>
  <testcase name="testEmptyArray" classname="com.productofarray.SolutionTest" time="0.009">
    <system-out><![CDATA[Given empty array
When productExceptSelf is called
Then IllegalArgumentException should be thrown
Exception message: Input array cannot be empty
]]></system-out>
  </testcase>
  <testcase name="testWithZero" classname="com.productofarray.SolutionTest" time="0.014">
    <system-out><![CDATA[Given input array with zero: [1, 0, 3, 4]
When productExceptSelf is called
Then the result should be: [0, 12, 0, 0]
Actual result: [0, 12, 0, 0]
]]></system-out>
  </testcase>
  <testcase name="testWithMultipleZeros" classname="com.productofarray.SolutionTest" time="0.006">
    <system-out><![CDATA[Given input array with multiple zeros: [0, 0, 3, 4]
When productExceptSelf is called
Then the result should be: [0, 0, 0, 0]
Actual result: [0, 0, 0, 0]
]]></system-out>
  </testcase>
  <testcase name="testPerformanceWithLargeArray" classname="com.productofarray.SolutionTest" time="0.104">
    <system-out><![CDATA[Given large array of size: 1000000
When productExceptSelf is called
Then execution time should be less than 1000 ms
Actual execution time: 79 ms
]]></system-out>
  </testcase>
  <testcase name="testWithIntegerMaxValue" classname="com.productofarray.SolutionTest" time="0.002">
    <system-out><![CDATA[Given array with Integer.MAX_VALUE: [2147483647, 2]
When productExceptSelf is called
Then the result should be: [2, 2147483647]
Actual result: [2, 2147483647]
]]></system-out>
  </testcase>
  <testcase name="parameterizedTest(int[], int[])[1]" classname="com.productofarray.SolutionTest" time="0.072">
    <system-out><![CDATA[Given input array: [1, 2, 3, 4]
When productExceptSelf is called
Then the result should be: [24, 12, 8, 6]
Actual result: [24, 12, 8, 6]
]]></system-out>
  </testcase>
  <testcase name="parameterizedTest(int[], int[])[2]" classname="com.productofarray.SolutionTest" time="0.003">
    <system-out><![CDATA[Given input array: [-1, 1, 0, -3, 3]
When productExceptSelf is called
Then the result should be: [0, 0, 9, 0, 0]
Actual result: [0, 0, 9, 0, 0]
]]></system-out>
  </testcase>
  <testcase name="parameterizedTest(int[], int[])[3]" classname="com.productofarray.SolutionTest" time="0.002">
    <system-out><![CDATA[Given input array: [1, 1, 1, 1]
When productExceptSelf is called
Then the result should be: [1, 1, 1, 1]
Actual result: [1, 1, 1, 1]
]]></system-out>
  </testcase>
  <testcase name="testSingleElementArray" classname="com.productofarray.SolutionTest" time="0.014">
    <system-out><![CDATA[Given single element array: [5]
When productExceptSelf is called
Then the result should be: [1]
Actual result: [1]
]]></system-out>
  </testcase>
  <testcase name="testNullInput" classname="com.productofarray.SolutionTest" time="0.003">
    <system-out><![CDATA[Given null input
When productExceptSelf is called
Then IllegalArgumentException should be thrown
Exception message: Input array cannot be null
]]></system-out>
  </testcase>
</testsuite>